<?xml version="1.0" encoding="UTF-8"?>
<robot generator="Robot 7.4.2 (Python 3.9.6 on darwin)" generated="2026-05-22T09:23:27.118327" rpa="false" schemaversion="5">
<suite id="s1" name="Firmwarewatch" source="/Users/sukritimukherjee/FirmwareWatch/firmwarewatch.robot">
<test id="s1-t1" name="Validate Device Status API" line="8">
<kw name="Create Session" owner="RequestsLibrary">
<msg time="2026-05-22T09:23:27.214112" level="INFO">Creating Session using : alias=firmwarewatch, url=https://jsonplaceholder.typicode.com, headers={},                     cookies={}, auth=None, timeout=None, proxies=None, verify=False,                     debug=0 </msg>
<arg>firmwarewatch</arg>
<arg>${BASE_URL}</arg>
<doc>Create Session: create a HTTP session to a server</doc>
<status status="PASS" start="2026-05-22T09:23:27.214024" elapsed="0.000173"/>
</kw>
<kw name="GET On Session" owner="RequestsLibrary">
<msg time="2026-05-22T09:23:27.398199" level="INFO">GET Request : url=https://jsonplaceholder.typicode.com/todos/1 
 path_url=/todos/1 
 headers={'User-Agent': 'python-requests/2.32.5', 'Accept-Encoding': 'gzip, deflate', 'Accept': '*/*', 'Connection': 'keep-alive'} 
 body=None 
 </msg>
<msg time="2026-05-22T09:23:27.398411" level="INFO">GET Response : url=https://jsonplaceholder.typicode.com/todos/1 
 status=200, reason=OK 
 headers={'Date': 'Fri, 22 May 2026 03:53:27 GMT', 'Content-Type': 'application/json; charset=utf-8', 'Transfer-Encoding': 'chunked', 'Connection': 'keep-alive', 'access-control-allow-credentials': 'true', 'Cache-Control': 'max-age=43200', 'etag': 'W/"53-hfEnumeNh6YirfjyjaujcOPPT+s"', 'expires': '-1', 'nel': '{"report_to":"heroku-nel","response_headers":["Via"],"max_age":3600,"success_fraction":0.01,"failure_fraction":0.1}', 'pragma': 'no-cache', 'report-to': '{"group":"heroku-nel","endpoints":[{"url":"https://nel.heroku.com/reports?s=FIBqriU1HkyzHF2ucz5hTMYi2HKwuzS7D8VtRqPo%2B78%3D\\u0026sid=e11707d5-02a7-43ef-b45e-2cf4d2036f7d\\u0026ts=1776672447"}],"max_age":3600}', 'reporting-endpoints': 'heroku-nel="https://nel.heroku.com/reports?s=FIBqriU1HkyzHF2ucz5hTMYi2HKwuzS7D8VtRqPo%2B78%3D&amp;sid=e11707d5-02a7-43ef-b45e-2cf4d2036f7d&amp;ts=1776672447"', 'Server': 'cloudflare', 'vary': 'Origin, Accept-Encoding', 'via': '2.0 heroku-router', 'x-content-type-options': 'nosniff', 'x-powered-by': 'Express', 'x-ratelimit-limit': '1000', 'x-ratelimit-remaining': '751', 'x-ratelimit-reset': '1776672468', 'Age': '16348', 'cf-cache-status': 'HIT', 'Content-Encoding': 'gzip', 'CF-RAY': '9ff8dfba28c71fb1-BOM', 'alt-svc': 'h3=":443"; ma=86400'} 
 body={
  "userId": 1,
  "id": 1,
  "title": "delectus aut autem",
  "completed": false
} 
 </msg>
<msg time="2026-05-22T09:23:27.398514" level="INFO">/Users/sukritimukherjee/Library/Python/3.9/lib/python/site-packages/urllib3/connectionpool.py:1097: InsecureRequestWarning: Unverified HTTPS request is being made to host 'jsonplaceholder.typicode.com'. Adding certificate verification is strongly advised. See: https://urllib3.readthedocs.io/en/latest/advanced-usage.html#tls-warnings
  warnings.warn(</msg>
<msg time="2026-05-22T09:23:27.398892" level="INFO">${response} = &lt;Response [200]&gt;</msg>
<var>${response}</var>
<arg>firmwarewatch</arg>
<arg>/todos/1</arg>
<doc>Sends a GET request on a previously created HTTP Session.</doc>
<status status="PASS" start="2026-05-22T09:23:27.214268" elapsed="0.184670"/>
</kw>
<kw name="Should Be Equal As Integers" owner="BuiltIn">
<msg time="2026-05-22T09:23:27.400170" level="INFO">Argument types are:
&lt;class 'int'&gt;
&lt;class 'str'&gt;</msg>
<arg>${response.status_code}</arg>
<arg>200</arg>
<doc>Fails if objects are unequal after converting them to integers.</doc>
<status status="PASS" start="2026-05-22T09:23:27.399297" elapsed="0.000952"/>
</kw>
<kw name="Log To Console" owner="BuiltIn">
<arg>FirmwareWatch API Validation PASS</arg>
<doc>Logs the given message to the console.</doc>
<status status="PASS" start="2026-05-22T09:23:27.400489" elapsed="0.000332"/>
</kw>
<status status="PASS" start="2026-05-22T09:23:27.213358" elapsed="0.187688"/>
</test>
<status status="PASS" start="2026-05-22T09:23:27.118853" elapsed="0.282763"/>
</suite>
<statistics>
<total>
<stat pass="1" fail="0" skip="0">All Tests</stat>
</total>
<tag>
</tag>
<suite>
<stat name="Firmwarewatch" id="s1" pass="1" fail="0" skip="0">Firmwarewatch</stat>
</suite>
</statistics>
<errors>
</errors>
</robot>
